<?xml version="1.0" encoding="UTF-8"?>
<!-- Generated by org.testng.reporters.JUnitReportReporter -->
<testsuite hostname="DESKTOP-D9BKGLB" failures="0" tests="1" name="javaprograming.HashtableTest" time="0.014" errors="0" timestamp="2022-10-07T15:06:06 IST" skipped="0">
  <testcase classname="javaprograming.HashtableTest" name="hashtable" time="0.014"/>
  <system-out/>
</testsuite> <!-- javaprograming.HashtableTest -->
