<?xml version="1.0" encoding="UTF-8"?>
<!-- Generated by org.testng.reporters.JUnitReportReporter -->
<testsuite hostname="DESKTOP-D9BKGLB" failures="0" tests="1" name="javaprograming.AddintinStringTwodig" time="0.008" errors="0" timestamp="2022-10-11T15:58:23 IST" skipped="0">
  <testcase classname="javaprograming.AddintinStringTwodig" name="add" time="0.008"/>
  <system-out/>
</testsuite> <!-- javaprograming.AddintinStringTwodig -->
