<?xml version="1.0" encoding="UTF-8"?>
<!-- Generated by org.testng.reporters.JUnitReportReporter -->
<testsuite hostname="DESKTOP-D9BKGLB" failures="0" tests="1" name="javaprograming.ArrayTest" time="0.013" errors="0" timestamp="2022-11-04T10:33:15 IST" skipped="0">
  <testcase classname="javaprograming.ArrayTest" name="array" time="0.013"/>
  <system-out/>
</testsuite> <!-- javaprograming.ArrayTest -->
