<?xml version="1.0" encoding="UTF-8"?>
<!-- Generated by org.testng.reporters.JUnitReportReporter -->
<testsuite hostname="DESKTOP-D9BKGLB" failures="0" tests="1" name="practice.PrintUniqueWithCount" time="0.011" errors="0" timestamp="2022-10-11T10:34:38 IST" skipped="0">
  <testcase classname="practice.PrintUniqueWithCount" name="unique" time="0.011"/>
  <system-out/>
</testsuite> <!-- practice.PrintUniqueWithCount -->
