<?xml version="1.0" encoding="UTF-8"?>
<!-- Generated by org.testng.reporters.JUnitReportReporter -->
<testsuite hostname="DESKTOP-D9BKGLB" failures="0" tests="1" name="javaprograming.LargestArrayTest" time="0.012" errors="0" timestamp="2022-10-06T16:18:51 IST" skipped="0">
  <testcase classname="javaprograming.LargestArrayTest" name="largestarrayTest" time="0.012"/>
  <system-out/>
</testsuite> <!-- javaprograming.LargestArrayTest -->
