<?xml version="1.0" encoding="UTF-8"?>
<!-- Generated by org.testng.reporters.JUnitReportReporter -->
<testsuite skipped="0" hostname="DESKTOP-08FKUO3" name="javaprograming.AddnuminmulString" tests="1" failures="0" timestamp="2022-12-08T15:31:05 IST" time="0.010" errors="0">
  <testcase name="add" time="0.010" classname="javaprograming.AddnuminmulString"/>
  <system-out/>
</testsuite> <!-- javaprograming.AddnuminmulString -->
