<?xml version="1.0" encoding="UTF-8"?>
<!-- Generated by org.testng.reporters.JUnitReportReporter -->
<testsuite hostname="DESKTOP-D9BKGLB" failures="0" tests="1" name="StringProgrames.StringMethods" time="0.019" errors="0" timestamp="2022-10-10T10:58:51 IST" skipped="0">
  <testcase classname="StringProgrames.StringMethods" name="stringTest" time="0.019"/>
  <system-out/>
</testsuite> <!-- StringProgrames.StringMethods -->
