<?xml version="1.0" encoding="UTF-8"?>
<!-- Generated by org.testng.reporters.JUnitReportReporter -->
<testsuite hostname="DESKTOP-D9BKGLB" failures="0" tests="1" name="patternprograms.Starpattern" time="0.012" errors="0" timestamp="2022-10-12T12:33:46 IST" skipped="0">
  <testcase classname="patternprograms.Starpattern" name="star" time="0.012"/>
  <system-out/>
</testsuite> <!-- patternprograms.Starpattern -->
