<?xml version="1.0" encoding="UTF-8"?>
<!-- Generated by org.testng.reporters.JUnitReportReporter -->
<testsuite skipped="0" hostname="DESKTOP-08FKUO3" name="javaprograming.ArrayAscendingTest" tests="3" failures="0" timestamp="2022-12-05T23:12:10 IST" time="0.019" errors="0">
  <testcase name="arrayAscendingTest" time="0.015" classname="javaprograming.ArrayAscendingTest"/>
  <system-out/>
  <testcase name="sumOfThreeeLargeTest" time="0.002" classname="javaprograming.ArrayAscendingTest"/>
  <system-out/>
  <testcase name="sumOfThreeeminTest" time="0.002" classname="javaprograming.ArrayAscendingTest"/>
  <system-out/>
</testsuite> <!-- javaprograming.ArrayAscendingTest -->
