<?xml version="1.0" encoding="UTF-8"?>
<!-- Generated by org.testng.reporters.JUnitReportReporter -->
<testsuite skipped="0" hostname="DESKTOP-08FKUO3" name="StringProgrames.CountduplicateString" tests="1" failures="0" timestamp="2022-12-06T10:36:43 IST" time="0.012" errors="0">
  <testcase name="countdup" time="0.012" classname="StringProgrames.CountduplicateString"/>
  <system-out/>
</testsuite> <!-- StringProgrames.CountduplicateString -->
