<?xml version="1.0" encoding="UTF-8"?>
<!-- Generated by org.testng.reporters.JUnitReportReporter -->
<testsuite hostname="DESKTOP-D9BKGLB" failures="0" tests="1" name="javaprograming.Arraywomap" time="0.015" errors="0" timestamp="2022-10-10T12:34:28 IST" skipped="0">
  <testcase classname="javaprograming.Arraywomap" name="duplicateArray" time="0.015"/>
  <system-out/>
</testsuite> <!-- javaprograming.Arraywomap -->
