<?xml version="1.0" encoding="UTF-8"?>
<!-- Generated by org.testng.reporters.JUnitReportReporter -->
<testsuite skipped="0" hostname="DESKTOP-08FKUO3" name="patternprograms.Paternnumseq" tests="1" failures="0" timestamp="2022-12-08T17:31:54 IST" time="0.011" errors="0">
  <testcase name="seq" time="0.011" classname="patternprograms.Paternnumseq"/>
  <system-out/>
</testsuite> <!-- patternprograms.Paternnumseq -->
