<?xml version="1.0" encoding="UTF-8"?>
<!-- Generated by org.testng.reporters.JUnitReportReporter -->
<testsuite hostname="DESKTOP-D9BKGLB" failures="0" tests="1" name="practice.PrintoccuranceofEachnum" time="0.010" errors="0" timestamp="2022-10-10T17:38:26 IST" skipped="0">
  <testcase classname="practice.PrintoccuranceofEachnum" name="occurance" time="0.010"/>
  <system-out/>
</testsuite> <!-- practice.PrintoccuranceofEachnum -->
