<?xml version="1.0" encoding="UTF-8"?>
<!-- Generated by org.testng.reporters.JUnitReportReporter -->
<testsuite hostname="DESKTOP-D9BKGLB" failures="0" tests="1" name="javaprograming.HashsetTest" time="0.013" errors="0" timestamp="2022-10-07T10:54:59 IST" skipped="0">
  <testcase classname="javaprograming.HashsetTest" name="hashtest" time="0.013"/>
  <system-out/>
</testsuite> <!-- javaprograming.HashsetTest -->
