<?xml version="1.0" encoding="UTF-8"?>
<!-- Generated by org.testng.reporters.JUnitReportReporter -->
<testsuite hostname="DESKTOP-D9BKGLB" failures="0" tests="1" name="StringProgrames.positionofeachcharwithoutDup" time="0.011" errors="0" timestamp="2022-10-10T12:58:44 IST" skipped="0">
  <testcase classname="StringProgrames.positionofeachcharwithoutDup" name="positiontest" time="0.011"/>
  <system-out/>
</testsuite> <!-- StringProgrames.positionofeachcharwithoutDup -->
