<?xml version="1.0" encoding="UTF-8"?>
<!-- Generated by org.testng.reporters.JUnitReportReporter -->
<testsuite skipped="0" hostname="DESKTOP-08FKUO3" name="StringProgrames.Wordcountdup" tests="1" failures="0" timestamp="2022-12-06T10:42:23 IST" time="0.023" errors="0">
  <testcase name="occurenceTest" time="0.023" classname="StringProgrames.Wordcountdup"/>
  <system-out/>
</testsuite> <!-- StringProgrames.Wordcountdup -->
