<?xml version="1.0" encoding="UTF-8"?>
<!-- Generated by org.testng.reporters.JUnitReportReporter -->
<testsuite hostname="DESKTOP-D9BKGLB" failures="0" tests="1" name="StringProgrames.ReversetheWordsTest" time="0.012" errors="0" timestamp="2022-10-10T15:01:43 IST" skipped="0">
  <testcase classname="StringProgrames.ReversetheWordsTest" name="reverse" time="0.012"/>
  <system-out/>
</testsuite> <!-- StringProgrames.ReversetheWordsTest -->
