<?xml version="1.0" encoding="UTF-8"?>
<!-- Generated by org.testng.reporters.JUnitReportReporter -->
<testsuite hostname="DESKTOP-D9BKGLB" failures="0" tests="1" name="javaprograming.SortedsetTest" time="0.015" errors="0" timestamp="2022-10-07T11:11:51 IST" skipped="0">
  <testcase classname="javaprograming.SortedsetTest" name="sort" time="0.015"/>
  <system-out/>
</testsuite> <!-- javaprograming.SortedsetTest -->
