<?xml version="1.0" encoding="UTF-8"?>
<!-- Generated by org.testng.reporters.JUnitReportReporter -->
<testsuite skipped="0" hostname="DESKTOP-08FKUO3" name="StringProgrames.Bracesbalance" tests="1" failures="0" timestamp="2022-12-06T10:35:32 IST" time="0.011" errors="0">
  <testcase name="balance" time="0.011" classname="StringProgrames.Bracesbalance"/>
  <system-out/>
</testsuite> <!-- StringProgrames.Bracesbalance -->
