<?xml version="1.0" encoding="UTF-8"?>
<!-- Generated by org.testng.reporters.JUnitReportReporter -->
<testsuite hostname="DESKTOP-D9BKGLB" failures="0" tests="1" name="patternprograms.Patternequitriangle" time="0.015" errors="0" timestamp="2022-10-12T11:38:36 IST" skipped="0">
  <testcase classname="patternprograms.Patternequitriangle" name="equitr" time="0.015"/>
  <system-out/>
</testsuite> <!-- patternprograms.Patternequitriangle -->
