<?xml version="1.0" encoding="UTF-8"?>
<!-- Generated by org.testng.reporters.JUnitReportReporter -->
<testsuite hostname="DESKTOP-D9BKGLB" failures="0" tests="1" name="StringProgrames.Bracesbalance" time="0.010" errors="0" timestamp="2022-10-12T11:07:49 IST" skipped="0">
  <testcase classname="StringProgrames.Bracesbalance" name="balance" time="0.010"/>
  <system-out/>
</testsuite> <!-- StringProgrames.Bracesbalance -->
