<?xml version="1.0" encoding="UTF-8"?>
<!-- Generated by org.testng.reporters.JUnitReportReporter -->
<testsuite hostname="DESKTOP-D9BKGLB" failures="0" tests="1" name="StringProgrames.ReverseworldTest2$ReversetheWordsTest" time="0.010" errors="0" timestamp="2022-10-10T15:19:20 IST" skipped="0">
  <testcase classname="StringProgrames.ReverseworldTest2$ReversetheWordsTest" name="reverse" time="0.010"/>
  <system-out/>
</testsuite> <!-- StringProgrames.ReverseworldTest2$ReversetheWordsTest -->
