<?xml version="1.0" encoding="UTF-8"?>
<!-- Generated by org.testng.reporters.JUnitReportReporter -->
<testsuite skipped="0" hostname="DESKTOP-08FKUO3" name="practice.PrintNoOfVowelsWithoutDuplicate" tests="1" failures="0" timestamp="2022-11-28T20:31:15 IST" time="0.013" errors="0">
  <testcase name="vowel" time="0.013" classname="practice.PrintNoOfVowelsWithoutDuplicate"/>
  <system-out/>
</testsuite> <!-- practice.PrintNoOfVowelsWithoutDuplicate -->
