<?xml version="1.0" encoding="UTF-8"?>
<!-- Generated by org.testng.reporters.JUnitReportReporter -->
<testsuite hostname="DESKTOP-D9BKGLB" failures="0" tests="1" name="javaprograming.Arrayasort2" time="0.011" errors="0" timestamp="2022-10-06T16:15:46 IST" skipped="0">
  <testcase classname="javaprograming.Arrayasort2" name="sortTest" time="0.011"/>
  <system-out/>
</testsuite> <!-- javaprograming.Arrayasort2 -->
