<?xml version="1.0" encoding="UTF-8"?>
<!-- Generated by org.testng.reporters.JUnitReportReporter -->
<testsuite hostname="DESKTOP-D9BKGLB" failures="0" tests="1" name="StringProgrames.ReverseworldTest$ReversetheWordsTest" time="0.009" errors="0" timestamp="2022-10-10T15:10:39 IST" skipped="0">
  <testcase classname="StringProgrames.ReverseworldTest$ReversetheWordsTest" name="reverse" time="0.009"/>
  <system-out/>
</testsuite> <!-- StringProgrames.ReverseworldTest$ReversetheWordsTest -->
