<?xml version="1.0" encoding="UTF-8"?>
<!-- Generated by org.testng.reporters.JUnitReportReporter -->
<testsuite hostname="DESKTOP-D9BKGLB" failures="0" tests="1" name="patternprograms.PatternNumber" time="0.017" errors="0" timestamp="2022-10-12T12:34:29 IST" skipped="0">
  <testcase classname="patternprograms.PatternNumber" name="number" time="0.017"/>
  <system-out/>
</testsuite> <!-- patternprograms.PatternNumber -->
