<?xml version="1.0" encoding="UTF-8"?>
<!-- Generated by org.testng.reporters.JUnitReportReporter -->
<testsuite hostname="DESKTOP-D9BKGLB" failures="0" tests="1" name="javaprograming.AddintegerinString" time="0.014" errors="0" timestamp="2022-10-11T17:41:08 IST" skipped="0">
  <testcase classname="javaprograming.AddintegerinString" name="add" time="0.014"/>
  <system-out/>
</testsuite> <!-- javaprograming.AddintegerinString -->
