<?xml version="1.0" encoding="UTF-8"?>
<!-- Generated by org.testng.reporters.JUnitReportReporter -->
<testsuite hostname="DESKTOP-D9BKGLB" failures="0" tests="1" name="StringProgrames.positionofeachwordwithoutdup" time="0.028" errors="0" timestamp="2022-10-10T16:15:27 IST" skipped="0">
  <testcase classname="StringProgrames.positionofeachwordwithoutdup" name="occurenceTest" time="0.028"/>
  <system-out/>
</testsuite> <!-- StringProgrames.positionofeachwordwithoutdup -->
