<?xml version="1.0" encoding="UTF-8"?>
<!-- Generated by org.testng.reporters.JUnitReportReporter -->
<testsuite hostname="DESKTOP-D9BKGLB" failures="0" tests="1" name="StringProgrames.StringPaLINDROME" time="0.013" errors="0" timestamp="2022-10-10T12:06:52 IST" skipped="0">
  <testcase classname="StringProgrames.StringPaLINDROME" name="reverse" time="0.013"/>
  <system-out/>
</testsuite> <!-- StringProgrames.StringPaLINDROME -->
