<?xml version="1.0" encoding="UTF-8"?>
<!-- Generated by org.testng.reporters.JUnitReportReporter -->
<testsuite hostname="DESKTOP-D9BKGLB" failures="0" tests="1" name="javaprograming.TreeSetTest" time="0.013" errors="0" timestamp="2022-10-07T11:37:39 IST" skipped="0">
  <testcase classname="javaprograming.TreeSetTest" name="sort" time="0.013"/>
  <system-out/>
</testsuite> <!-- javaprograming.TreeSetTest -->
