<?xml version="1.0" encoding="UTF-8"?>
<!-- Generated by org.testng.reporters.JUnitReportReporter -->
<testsuite hostname="DESKTOP-D9BKGLB" failures="0" tests="1" name="javaprograming.LinkedhashmapTest" time="0.010" errors="0" timestamp="2022-10-07T15:25:32 IST" skipped="0">
  <testcase classname="javaprograming.LinkedhashmapTest" name="linkhashmaptest" time="0.010"/>
  <system-out/>
</testsuite> <!-- javaprograming.LinkedhashmapTest -->
