<?xml version="1.0" encoding="UTF-8"?>
<!-- Generated by org.testng.reporters.JUnitReportReporter -->
<testsuite skipped="0" hostname="DESKTOP-08FKUO3" name="javaprograming.AddArrayTest" tests="1" failures="0" timestamp="2022-12-03T10:42:55 IST" time="0.038" errors="0">
  <testcase name="addArrayTest" time="0.038" classname="javaprograming.AddArrayTest"/>
  <system-out/>
</testsuite> <!-- javaprograming.AddArrayTest -->
