<?xml version="1.0" encoding="UTF-8"?>
<!-- Generated by org.testng.reporters.JUnitReportReporter -->
<testsuite hostname="DESKTOP-D9BKGLB" failures="0" tests="1" name="patternprograms.Patternrev2" time="0.012" errors="0" timestamp="2022-10-12T11:40:27 IST" skipped="0">
  <testcase classname="patternprograms.Patternrev2" name="rightAngle" time="0.012"/>
  <system-out/>
</testsuite> <!-- patternprograms.Patternrev2 -->
