<?xml version="1.0" encoding="UTF-8"?>
<!-- Generated by org.testng.reporters.JUnitReportReporter -->
<testsuite skipped="0" hostname="DESKTOP-08FKUO3" name="javaprograming.Findmaxlentharray" tests="1" failures="0" timestamp="2022-12-06T13:04:25 IST" time="0.012" errors="0">
  <testcase name="max" time="0.012" classname="javaprograming.Findmaxlentharray"/>
  <system-out/>
</testsuite> <!-- javaprograming.Findmaxlentharray -->
