<?xml version="1.0" encoding="UTF-8"?>
<!-- Generated by org.testng.reporters.JUnitReportReporter -->
<testsuite hostname="DESKTOP-D9BKGLB" failures="0" tests="1" name="practice.Printuniqenumbers" time="0.015" errors="0" timestamp="2022-10-11T10:31:29 IST" skipped="0">
  <testcase classname="practice.Printuniqenumbers" name="printuniqe" time="0.015"/>
  <system-out/>
</testsuite> <!-- practice.Printuniqenumbers -->
