<?xml version="1.0" encoding="UTF-8"?>
<!-- Generated by org.testng.reporters.JUnitReportReporter -->
<testsuite hostname="DESKTOP-D9BKGLB" failures="0" tests="1" name="javaprograming.Sampleprogram2" time="0.011" errors="0" timestamp="2022-10-12T21:29:22 IST" skipped="0">
  <testcase classname="javaprograming.Sampleprogram2" name="sample" time="0.011"/>
  <system-out/>
</testsuite> <!-- javaprograming.Sampleprogram2 -->
