<?xml version="1.0" encoding="UTF-8"?>
<!-- Generated by org.testng.reporters.JUnitReportReporter -->
<testsuite hostname="DESKTOP-D9BKGLB" failures="0" tests="1" name="StringProgrames.CountduplicateString" time="0.011" errors="0" timestamp="2022-10-10T12:39:14 IST" skipped="0">
  <testcase classname="StringProgrames.CountduplicateString" name="countdup" time="0.011"/>
  <system-out/>
</testsuite> <!-- StringProgrames.CountduplicateString -->
