<?xml version="1.0" encoding="UTF-8"?>
<!-- Generated by org.testng.reporters.JUnitReportReporter -->
<testsuite hostname="DESKTOP-D9BKGLB" failures="0" tests="1" name="javaprograming.SampleTest" time="0.011" errors="0" timestamp="2022-10-07T15:27:34 IST" skipped="0">
  <testcase classname="javaprograming.SampleTest" name="sampleTest" time="0.011"/>
  <system-out/>
</testsuite> <!-- javaprograming.SampleTest -->
