<?xml version="1.0" encoding="UTF-8"?>
<!-- Generated by org.testng.reporters.JUnitReportReporter -->
<testsuite hostname="DESKTOP-D9BKGLB" failures="0" tests="1" name="javaprograming.HashMapTest" time="0.011" errors="0" timestamp="2022-10-07T15:06:53 IST" skipped="0">
  <testcase classname="javaprograming.HashMapTest" name="hashmaptest" time="0.011"/>
  <system-out/>
</testsuite> <!-- javaprograming.HashMapTest -->
