<?xml version="1.0" encoding="UTF-8"?>
<!-- Generated by org.testng.reporters.JUnitReportReporter -->
<testsuite hostname="DESKTOP-D9BKGLB" failures="0" tests="1" name="StringProgrames.PositionofeachwordTest" time="0.029" errors="0" timestamp="2022-10-10T15:57:04 IST" skipped="0">
  <testcase classname="StringProgrames.PositionofeachwordTest" name="occurenceTest" time="0.029"/>
  <system-out/>
</testsuite> <!-- StringProgrames.PositionofeachwordTest -->
