<?xml version="1.0" encoding="UTF-8"?>
<!-- Generated by org.testng.reporters.JUnitReportReporter -->
<testsuite skipped="0" hostname="DESKTOP-08FKUO3" name="practice.PrintPositionofEachWithDup" tests="1" failures="0" timestamp="2022-11-28T20:32:08 IST" time="0.015" errors="0">
  <testcase name="position" time="0.015" classname="practice.PrintPositionofEachWithDup"/>
  <system-out/>
</testsuite> <!-- practice.PrintPositionofEachWithDup -->
