<?xml version="1.0" encoding="UTF-8"?>
<!-- Generated by org.testng.reporters.JUnitReportReporter -->
<testsuite skipped="0" hostname="DESKTOP-08FKUO3" name="practice.PrintpositionWithoutdup" tests="1" failures="0" timestamp="2022-11-28T20:32:52 IST" time="0.013" errors="0">
  <testcase name="position" time="0.013" classname="practice.PrintpositionWithoutdup"/>
  <system-out/>
</testsuite> <!-- practice.PrintpositionWithoutdup -->
