<?xml version="1.0" encoding="UTF-8"?>
<!-- Generated by org.testng.reporters.JUnitReportReporter -->
<testsuite hostname="DESKTOP-D9BKGLB" failures="0" tests="1" name="javaprograming.FindminlengthStringinArray" time="0.011" errors="0" timestamp="2022-10-11T12:33:41 IST" skipped="0">
  <testcase classname="javaprograming.FindminlengthStringinArray" name="min" time="0.011"/>
  <system-out/>
</testsuite> <!-- javaprograming.FindminlengthStringinArray -->
