<?xml version="1.0" encoding="UTF-8"?>
<!-- Generated by org.testng.reporters.JUnitReportReporter -->
<testsuite hostname="DESKTOP-D9BKGLB" failures="0" tests="1" name="javaprograming.Samplepeogram3" time="0.011" errors="0" timestamp="2022-10-12T23:10:41 IST" skipped="0">
  <testcase classname="javaprograming.Samplepeogram3" name="sample" time="0.011"/>
  <system-out/>
</testsuite> <!-- javaprograming.Samplepeogram3 -->
