<?xml version="1.0" encoding="UTF-8"?>
<!-- Generated by org.testng.reporters.JUnitReportReporter -->
<testsuite hostname="DESKTOP-D9BKGLB" failures="0" tests="1" name="practice.PrintpositionWithoutdup" time="0.012" errors="0" timestamp="2022-10-11T10:34:14 IST" skipped="0">
  <testcase classname="practice.PrintpositionWithoutdup" name="position" time="0.012"/>
  <system-out/>
</testsuite> <!-- practice.PrintpositionWithoutdup -->
