<?xml version="1.0" encoding="UTF-8"?>
<!-- Generated by org.testng.reporters.JUnitReportReporter -->
<testsuite hostname="DESKTOP-D9BKGLB" failures="0" tests="1" name="javaprograming.LinkedHash" time="0.018" errors="0" timestamp="2022-10-07T10:56:11 IST" skipped="0">
  <testcase classname="javaprograming.LinkedHash" name="hashtest" time="0.018"/>
  <system-out/>
</testsuite> <!-- javaprograming.LinkedHash -->
