<?xml version="1.0" encoding="UTF-8"?>
<!-- Generated by org.testng.reporters.JUnitReportReporter -->
<testsuite hostname="DESKTOP-D9BKGLB" failures="0" tests="1" name="StringProgrames.ReverseString" time="0.013" errors="0" timestamp="2022-10-10T11:19:55 IST" skipped="0">
  <testcase classname="StringProgrames.ReverseString" name="reverse" time="0.013"/>
  <system-out/>
</testsuite> <!-- StringProgrames.ReverseString -->
