<?xml version="1.0" encoding="UTF-8"?>
<!-- Generated by org.testng.reporters.JUnitReportReporter -->
<testsuite hostname="DESKTOP-D9BKGLB" failures="0" tests="1" name="javaprograming.ArraySortTest" time="0.014" errors="0" timestamp="2022-10-06T16:04:29 IST" skipped="0">
  <testcase classname="javaprograming.ArraySortTest" name="sortTest" time="0.014"/>
  <system-out/>
</testsuite> <!-- javaprograming.ArraySortTest -->
