<?xml version="1.0" encoding="UTF-8"?>
<!-- Generated by org.testng.reporters.JUnitReportReporter -->
<testsuite hostname="DESKTOP-D9BKGLB" failures="0" tests="1" name="javaprograming.MinAraaysTest" time="0.010" errors="0" timestamp="2022-10-06T16:18:38 IST" skipped="0">
  <testcase classname="javaprograming.MinAraaysTest" name="minimumarrayTest" time="0.010"/>
  <system-out/>
</testsuite> <!-- javaprograming.MinAraaysTest -->
