<?xml version="1.0" encoding="UTF-8"?>
<!-- Generated by org.testng.reporters.JUnitReportReporter -->
<testsuite hostname="DESKTOP-D9BKGLB" failures="0" tests="1" name="javaprograming.segrigateNumbers" time="0.015" errors="0" timestamp="2022-10-11T11:24:25 IST" skipped="0">
  <testcase classname="javaprograming.segrigateNumbers" name="segrigate" time="0.015"/>
  <system-out/>
</testsuite> <!-- javaprograming.segrigateNumbers -->
