<?xml version="1.0" encoding="UTF-8"?>
<!-- Generated by org.testng.reporters.JUnitReportReporter -->
<testsuite hostname="DESKTOP-D9BKGLB" failures="0" tests="1" name="javaprograming.SampleProgram" time="0.013" errors="0" timestamp="2022-10-12T21:04:49 IST" skipped="0">
  <testcase classname="javaprograming.SampleProgram" name="sample" time="0.013"/>
  <system-out/>
</testsuite> <!-- javaprograming.SampleProgram -->
