<?xml version="1.0" encoding="UTF-8"?>
<!-- Generated by org.testng.reporters.JUnitReportReporter -->
<testsuite hostname="DESKTOP-D9BKGLB" failures="0" tests="1" name="practice.PrintNoOfVowelsWithoutDuplicate" time="0.012" errors="0" timestamp="2022-10-10T17:56:07 IST" skipped="0">
  <testcase classname="practice.PrintNoOfVowelsWithoutDuplicate" name="vowel" time="0.012"/>
  <system-out/>
</testsuite> <!-- practice.PrintNoOfVowelsWithoutDuplicate -->
