<?xml version="1.0" encoding="UTF-8"?>
<!-- Generated by org.testng.reporters.JUnitReportReporter -->
<testsuite hostname="DESKTOP-D9BKGLB" failures="0" tests="1" name="javaprograming.DupilicatearrayTest" time="0.014" errors="0" timestamp="2022-10-10T13:03:43 IST" skipped="0">
  <testcase classname="javaprograming.DupilicatearrayTest" name="duplicateArray" time="0.014"/>
  <system-out/>
</testsuite> <!-- javaprograming.DupilicatearrayTest -->
