<?xml version="1.0" encoding="UTF-8"?>
<!-- Generated by org.testng.reporters.JUnitReportReporter -->
<testsuite hostname="DESKTOP-D9BKGLB" failures="0" tests="1" name="StringProgrames.owelsinaStringTest" time="0.008" errors="0" timestamp="2022-10-10T16:16:58 IST" skipped="0">
  <testcase classname="StringProgrames.owelsinaStringTest" name="owel" time="0.008"/>
  <system-out/>
</testsuite> <!-- StringProgrames.owelsinaStringTest -->
