<?xml version="1.0" encoding="UTF-8"?>
<!-- Generated by org.testng.reporters.JUnitReportReporter -->
<testsuite hostname="DESKTOP-D9BKGLB" failures="0" tests="1" name="StringProgrames.RemovedupWordTest" time="11.328" errors="0" timestamp="2022-10-10T15:43:16 IST" skipped="0">
  <testcase classname="StringProgrames.RemovedupWordTest" name="remove" time="11.328"/>
  <system-out/>
</testsuite> <!-- StringProgrames.RemovedupWordTest -->
