<?xml version="1.0" encoding="UTF-8"?>
<!-- Generated by org.testng.reporters.JUnitReportReporter -->
<testsuite hostname="DESKTOP-D9BKGLB" failures="0" tests="1" name="StringProgrames.position2" time="0.014" errors="0" timestamp="2022-10-10T13:08:56 IST" skipped="0">
  <testcase classname="StringProgrames.position2" name="positiontest" time="0.014"/>
  <system-out/>
</testsuite> <!-- StringProgrames.position2 -->
