<?xml version="1.0" encoding="UTF-8"?>
<!-- Generated by org.testng.reporters.JUnitReportReporter -->
<testsuite hostname="DESKTOP-D9BKGLB" failures="0" tests="1" name="javaprograming.AddnuminmulString" time="0.009" errors="0" timestamp="2022-10-11T15:57:57 IST" skipped="0">
  <testcase classname="javaprograming.AddnuminmulString" name="add" time="0.009"/>
  <system-out/>
</testsuite> <!-- javaprograming.AddnuminmulString -->
