<?xml version="1.0" encoding="UTF-8"?>
<!-- Generated by org.testng.reporters.JUnitReportReporter -->
<testsuite hostname="DESKTOP-D9BKGLB" failures="0" tests="1" name="javaprograming.Factprogra" time="0.011" errors="0" timestamp="2022-10-11T16:03:48 IST" skipped="0">
  <testcase classname="javaprograming.Factprogra" name="fact" time="0.011"/>
  <system-out/>
</testsuite> <!-- javaprograming.Factprogra -->
