<?xml version="1.0" encoding="UTF-8"?>
<!-- Generated by org.testng.reporters.JUnitReportReporter -->
<testsuite skipped="0" hostname="DESKTOP-08FKUO3" name="javaprograming.DupilicatearrayTest" tests="1" failures="0" timestamp="2022-12-06T13:02:55 IST" time="0.014" errors="0">
  <testcase name="duplicateArray" time="0.014" classname="javaprograming.DupilicatearrayTest"/>
  <system-out/>
</testsuite> <!-- javaprograming.DupilicatearrayTest -->
