<?xml version="1.0" encoding="UTF-8"?>
<!-- Generated by org.testng.reporters.JUnitReportReporter -->
<testsuite hostname="DESKTOP-D9BKGLB" failures="0" tests="3" name="javaprograming.ArrayAscendingTest" time="0.018" errors="0" timestamp="2022-10-06T16:00:27 IST" skipped="0">
  <testcase classname="javaprograming.ArrayAscendingTest" name="arrayAscendingTest" time="0.014"/>
  <system-out/>
  <testcase classname="javaprograming.ArrayAscendingTest" name="sumOfThreeeLargeTest" time="0.002"/>
  <system-out/>
  <testcase classname="javaprograming.ArrayAscendingTest" name="sumOfThreeeminTest" time="0.002"/>
  <system-out/>
</testsuite> <!-- javaprograming.ArrayAscendingTest -->
