<?xml version="1.0" encoding="UTF-8"?>
<!-- Generated by org.testng.reporters.JUnitReportReporter -->
<testsuite hostname="DESKTOP-D9BKGLB" failures="0" tests="1" name="practice.PrintPositionofEachWithDup" time="0.012" errors="0" timestamp="2022-10-10T17:48:52 IST" skipped="0">
  <testcase classname="practice.PrintPositionofEachWithDup" name="position" time="0.012"/>
  <system-out/>
</testsuite> <!-- practice.PrintPositionofEachWithDup -->
