<?xml version="1.0" encoding="UTF-8"?>
<!-- Generated by org.testng.reporters.JUnitReportReporter -->
<testsuite hostname="DESKTOP-D9BKGLB" failures="0" tests="1" name="StringProgrames.OccuraneofwordTest" time="0.026" errors="0" timestamp="2022-10-10T15:50:59 IST" skipped="0">
  <testcase classname="StringProgrames.OccuraneofwordTest" name="occurenceTest" time="0.026"/>
  <system-out/>
</testsuite> <!-- StringProgrames.OccuraneofwordTest -->
