<?xml version="1.0" encoding="UTF-8"?>
<!-- Generated by org.testng.reporters.JUnitReportReporter -->
<testsuite hostname="DESKTOP-D9BKGLB" failures="0" tests="1" name="patternprograms.PatternCharseq" time="0.011" errors="0" timestamp="2022-10-12T13:02:46 IST" skipped="0">
  <testcase classname="patternprograms.PatternCharseq" name="pattern" time="0.011"/>
  <system-out/>
</testsuite> <!-- patternprograms.PatternCharseq -->
