<?xml version="1.0" encoding="UTF-8"?>
<!-- Generated by org.testng.reporters.JUnitReportReporter -->
<testsuite hostname="DESKTOP-D9BKGLB" failures="0" tests="1" name="javaprograming.TreemapTest" time="0.013" errors="0" timestamp="2022-10-07T15:26:34 IST" skipped="0">
  <testcase classname="javaprograming.TreemapTest" name="linkhashmaptest" time="0.013"/>
  <system-out/>
</testsuite> <!-- javaprograming.TreemapTest -->
