<?xml version="1.0" encoding="UTF-8"?>
<!-- Generated by org.testng.reporters.JUnitReportReporter -->
<testsuite skipped="0" hostname="DESKTOP-08FKUO3" name="javaprograming.AddintegerinString" tests="1" failures="0" timestamp="2022-12-03T10:43:46 IST" time="0.013" errors="0">
  <testcase name="add" time="0.013" classname="javaprograming.AddintegerinString"/>
  <system-out/>
</testsuite> <!-- javaprograming.AddintegerinString -->
