<?xml version="1.0" encoding="UTF-8"?>
<!-- Generated by org.testng.reporters.JUnitReportReporter -->
<testsuite hostname="DESKTOP-D9BKGLB" failures="0" tests="1" name="javaprograming.SegrigateChar" time="0.010" errors="0" timestamp="2022-10-11T12:22:23 IST" skipped="0">
  <testcase classname="javaprograming.SegrigateChar" name="seg" time="0.010"/>
  <system-out/>
</testsuite> <!-- javaprograming.SegrigateChar -->
