<?xml version="1.0" encoding="UTF-8"?>
<!-- Generated by org.testng.reporters.JUnitReportReporter -->
<testsuite skipped="0" hostname="DESKTOP-08FKUO3" name="javaprograming.AddArrayNew" tests="1" failures="0" timestamp="2022-12-06T10:59:04 IST" time="0.019" errors="0">
  <testcase name="arrayadd" time="0.019" classname="javaprograming.AddArrayNew"/>
  <system-out/>
</testsuite> <!-- javaprograming.AddArrayNew -->
