<?xml version="1.0" encoding="UTF-8"?>
<!-- Generated by org.testng.reporters.JUnitReportReporter -->
<testsuite skipped="0" hostname="DESKTOP-08FKUO3" name="javaprograming.HashMapTest" tests="1" failures="0" timestamp="2022-12-06T10:53:45 IST" time="0.013" errors="0">
  <testcase name="hashmaptest" time="0.013" classname="javaprograming.HashMapTest"/>
  <system-out/>
</testsuite> <!-- javaprograming.HashMapTest -->
