<?xml version="1.0" encoding="UTF-8"?>
<!-- Generated by org.testng.reporters.JUnitReportReporter -->
<testsuite hostname="DESKTOP-D9BKGLB" failures="0" tests="1" name="StringProgrames.RemoveDuplicateString" time="0.013" errors="0" timestamp="2022-10-12T09:46:38 IST" skipped="0">
  <testcase classname="StringProgrames.RemoveDuplicateString" name="removedupstringtest" time="0.013"/>
  <system-out/>
</testsuite> <!-- StringProgrames.RemoveDuplicateString -->
