<?xml version="1.0" encoding="UTF-8"?>
<!-- Generated by org.testng.reporters.JUnitReportReporter -->
<testsuite hostname="DESKTOP-D9BKGLB" failures="0" tests="1" name="patternprograms.PatternRightanglrev" time="0.014" errors="0" timestamp="2022-10-12T11:41:00 IST" skipped="0">
  <testcase classname="patternprograms.PatternRightanglrev" name="rightAngle" time="0.014"/>
  <system-out/>
</testsuite> <!-- patternprograms.PatternRightanglrev -->
