<?xml version="1.0" encoding="UTF-8"?>
<!-- Generated by org.testng.reporters.JUnitReportReporter -->
<testsuite hostname="DESKTOP-D9BKGLB" failures="0" tests="1" name="javaprograming.Sample" time="0.012" errors="0" timestamp="2022-10-12T18:34:45 IST" skipped="0">
  <testcase classname="javaprograming.Sample" name="test" time="0.012"/>
  <system-out/>
</testsuite> <!-- javaprograming.Sample -->
