<?xml version="1.0" encoding="UTF-8"?>
<!-- Generated by org.testng.reporters.JUnitReportReporter -->
<testsuite hostname="DESKTOP-D9BKGLB" failures="0" tests="1" name="StringProgrames.PrintPmimeinArray1" time="0.011" errors="0" timestamp="2022-10-12T10:32:20 IST" skipped="0">
  <testcase classname="StringProgrames.PrintPmimeinArray1" name="prime" time="0.011"/>
  <system-out/>
</testsuite> <!-- StringProgrames.PrintPmimeinArray1 -->
